mode: set
clean-go/providers/memorystore/query.go:27.65,29.38 1 0
clean-go/providers/memorystore/query.go:33.2,33.40 1 0
clean-go/providers/memorystore/query.go:37.2,37.10 1 0
clean-go/providers/memorystore/query.go:29.38,31.3 1 0
clean-go/providers/memorystore/query.go:33.40,35.3 1 0
clean-go/providers/memorystore/query.go:43.49,46.37 2 1
clean-go/providers/memorystore/query.go:56.2,56.22 1 1
clean-go/providers/memorystore/query.go:60.2,60.21 1 1
clean-go/providers/memorystore/query.go:64.2,64.10 1 1
clean-go/providers/memorystore/query.go:46.37,48.26 2 1
clean-go/providers/memorystore/query.go:49.25,50.23 1 1
clean-go/providers/memorystore/query.go:51.26,52.24 1 1
clean-go/providers/memorystore/query.go:56.22,58.3 1 1
clean-go/providers/memorystore/query.go:60.21,62.3 1 1
clean-go/providers/memorystore/store.go:16.18,18.2 1 0
clean-go/providers/memorystore/store.go:20.39,22.15 1 1
clean-go/providers/memorystore/store.go:27.2,27.43 1 1
clean-go/providers/memorystore/store.go:22.15,24.3 1 1
clean-go/providers/memorystore/store.go:30.85,32.29 2 1
clean-go/providers/memorystore/store.go:35.2,35.55 1 1
clean-go/providers/memorystore/store.go:32.29,34.3 1 0
clean-go/providers/memorystore/store.go:40.83,42.29 2 0
clean-go/providers/memorystore/store.go:45.2,45.55 1 0
clean-go/providers/memorystore/store.go:42.29,44.3 1 0
clean-go/providers/memorystore/store.go:48.61,50.19 2 1
clean-go/providers/memorystore/store.go:58.2,58.10 1 1
clean-go/providers/memorystore/store.go:50.19,57.3 6 1
clean-go/providers/memorystore/store.go:61.58,63.17 2 0
clean-go/providers/memorystore/store.go:66.2,66.35 1 0
clean-go/providers/memorystore/store.go:69.2,69.18 1 0
clean-go/providers/memorystore/store.go:63.17,65.3 1 0
clean-go/providers/memorystore/store.go:66.35,68.3 1 0
clean-go/providers/memorystore/store.go:72.81,73.17 1 1
clean-go/providers/memorystore/store.go:76.2,76.20 1 1
clean-go/providers/memorystore/store.go:79.2,79.10 1 1
clean-go/providers/memorystore/store.go:73.17,75.3 1 0
clean-go/providers/memorystore/store.go:76.20,78.3 1 0
clean-go/providers/memorystore/store.go:82.63,87.19 3 0
clean-go/providers/memorystore/store.go:95.2,98.19 2 0
clean-go/providers/memorystore/store.go:107.2,107.24 1 0
clean-go/providers/memorystore/store.go:87.19,92.3 4 0
clean-go/providers/memorystore/store.go:98.19,105.3 6 0
clean-go/providers/memorystore/store.go:110.65,115.19 3 1
clean-go/providers/memorystore/store.go:123.2,126.19 2 1
clean-go/providers/memorystore/store.go:136.2,136.24 1 1
clean-go/providers/memorystore/store.go:115.19,120.3 4 1
clean-go/providers/memorystore/store.go:126.19,133.3 6 1
clean-go/providers/memorystore/store.go:168.48,168.65 1 0
clean-go/providers/memorystore/store.go:169.48,169.75 1 0
clean-go/providers/memorystore/store.go:170.48,170.76 1 0
clean-go/providers/memorystore/store.go:172.50,172.67 1 1
clean-go/providers/memorystore/store.go:173.50,173.77 1 1
clean-go/providers/memorystore/store.go:174.50,174.88 1 1
clean-go/providers/memorystore/factory.go:10.41,12.2 1 1
clean-go/providers/memorystore/factory.go:15.76,17.2 1 1
clean-go/providers/memorystore/greetings.go:20.56,22.2 1 1
clean-go/providers/memorystore/greetings.go:24.43,26.2 1 0
clean-go/providers/memorystore/greetings.go:28.72,30.2 1 0
clean-go/providers/memorystore/greetings.go:32.93,37.2 4 0
